Building DAG of jobs...
Using shell: /usr/bin/bash
Provided cores: 20
Rules claiming more threads will be scaled down.
Job counts:
	count	jobs
	2	align_chip
	1	align_control
	1	all_chip_align
	2	bamcompare
	3	bw_coverage
	2	call_domains
	2	convert2gff
	3	download_single_sra
	2	filter_blackgrey
	1	filter_blackgrey_ctrl
	1	generate_greylist
	2	idxstats
	3	index
	2	make_compare_bw
	2	markdup
	1	markdup_ctrl
	3	prefetch_sra
	33

[Wed Sep 15 12:08:13 2021]
rule prefetch_sra:
    output: /DATA/projects/DSBrepair/data/xv20210827_E1889_PAR_mapping/raw_data/SRR13764821_prefetch
    jobid: 31
    wildcards: outdir=/DATA/projects/DSBrepair/data/xv20210827_E1889_PAR_mapping, srr_id=SRR13764821


[Wed Sep 15 12:08:13 2021]
rule prefetch_sra:
    output: /DATA/projects/DSBrepair/data/xv20210827_E1889_PAR_mapping/raw_data/SRR13764820_prefetch
    jobid: 32
    wildcards: outdir=/DATA/projects/DSBrepair/data/xv20210827_E1889_PAR_mapping, srr_id=SRR13764820


[Wed Sep 15 12:08:13 2021]
rule prefetch_sra:
    output: /DATA/projects/DSBrepair/data/xv20210827_E1889_PAR_mapping/raw_data/SRR13764822_prefetch
    jobid: 33
    wildcards: outdir=/DATA/projects/DSBrepair/data/xv20210827_E1889_PAR_mapping, srr_id=SRR13764822

[Wed Sep 15 12:08:13 2021]
Error in rule prefetch_sra:
    jobid: 31
    output: /DATA/projects/DSBrepair/data/xv20210827_E1889_PAR_mapping/raw_data/SRR13764821_prefetch
    shell:
        prefetch SRR13764821; touch /DATA/projects/DSBrepair/data/xv20210827_E1889_PAR_mapping/raw_data/SRR13764821_prefetch
        (one of the commands exited with non-zero exit code; note that snakemake uses bash strict mode!)

[Wed Sep 15 12:08:13 2021]
Error in rule prefetch_sra:
    jobid: 32
    output: /DATA/projects/DSBrepair/data/xv20210827_E1889_PAR_mapping/raw_data/SRR13764820_prefetch
[Wed Sep 15 12:08:13 2021]
    shell:
        prefetch SRR13764820; touch /DATA/projects/DSBrepair/data/xv20210827_E1889_PAR_mapping/raw_data/SRR13764820_prefetch
        (one of the commands exited with non-zero exit code; note that snakemake uses bash strict mode!)
Error in rule prefetch_sra:

    jobid: 33
    output: /DATA/projects/DSBrepair/data/xv20210827_E1889_PAR_mapping/raw_data/SRR13764822_prefetch
    shell:
        prefetch SRR13764822; touch /DATA/projects/DSBrepair/data/xv20210827_E1889_PAR_mapping/raw_data/SRR13764822_prefetch
        (one of the commands exited with non-zero exit code; note that snakemake uses bash strict mode!)

Shutting down, this might take some time.
Exiting because a job execution failed. Look above for error message
Complete log: /DATA/home/x.vergara/XV_P3_ChromDSBScreen/xv_CRISPR_screen_figures/import/.snakemake/log/2021-09-15T120813.190132.snakemake.log
