Building DAG of jobs...
Using shell: /usr/bin/bash
Provided cores: 20
Rules claiming more threads will be scaled down.
Job counts:
	count	jobs
	2	align_chip
	1	align_control
	1	all_chip_align
	2	bamcompare
	3	bw_coverage
	2	call_domains
	2	convert2gff
	3	download_single_sra
	2	filter_blackgrey
	1	filter_blackgrey_ctrl
	1	generate_greylist
	2	idxstats
	3	index
	2	make_compare_bw
	2	markdup
	1	markdup_ctrl
	3	prefetch_sra
	33

rule prefetch_sra:
    output: /DATA/projects/DSBrepair/data/xv20210827_E1889_PAR_mapping/raw_data/SRR13764820_prefetch
    jobid: 31
    wildcards: outdir=/DATA/projects/DSBrepair/data/xv20210827_E1889_PAR_mapping, srr_id=SRR13764820


rule prefetch_sra:
    output: /DATA/projects/DSBrepair/data/xv20210827_E1889_PAR_mapping/raw_data/SRR13764822_prefetch
    jobid: 32
    wildcards: outdir=/DATA/projects/DSBrepair/data/xv20210827_E1889_PAR_mapping, srr_id=SRR13764822


rule prefetch_sra:
    output: /DATA/projects/DSBrepair/data/xv20210827_E1889_PAR_mapping/raw_data/SRR13764821_prefetch
    jobid: 33
    wildcards: outdir=/DATA/projects/DSBrepair/data/xv20210827_E1889_PAR_mapping, srr_id=SRR13764821

Finished job 31.
1 of 33 steps (3%) done
Finished job 32.
2 of 33 steps (6%) done

rule download_single_sra:
    input: /DATA/projects/DSBrepair/data/xv20210827_E1889_PAR_mapping/raw_data/SRR13764820_prefetch
    output: /DATA/projects/DSBrepair/data/xv20210827_E1889_PAR_mapping/raw_data/SRR13764820.fastq.gz
    jobid: 28
    wildcards: outdir=/DATA/projects/DSBrepair/data/xv20210827_E1889_PAR_mapping, srr_id=SRR13764820
    threads: 5


rule download_single_sra:
    input: /DATA/projects/DSBrepair/data/xv20210827_E1889_PAR_mapping/raw_data/SRR13764822_prefetch
    output: /DATA/projects/DSBrepair/data/xv20210827_E1889_PAR_mapping/raw_data/SRR13764822.fastq.gz
    jobid: 29
    wildcards: outdir=/DATA/projects/DSBrepair/data/xv20210827_E1889_PAR_mapping, srr_id=SRR13764822
    threads: 5

Finished job 33.
3 of 33 steps (9%) done

rule download_single_sra:
    input: /DATA/projects/DSBrepair/data/xv20210827_E1889_PAR_mapping/raw_data/SRR13764821_prefetch
    output: /DATA/projects/DSBrepair/data/xv20210827_E1889_PAR_mapping/raw_data/SRR13764821.fastq.gz
    jobid: 30
    wildcards: outdir=/DATA/projects/DSBrepair/data/xv20210827_E1889_PAR_mapping, srr_id=SRR13764821
    threads: 5

Removing temporary output file /DATA/projects/DSBrepair/data/xv20210827_E1889_PAR_mapping/raw_data/SRR13764820_prefetch.
Finished job 28.
4 of 33 steps (12%) done

rule align_control:
    input: /DATA/projects/DSBrepair/data/xv20210827_E1889_PAR_mapping/raw_data/SRR13764820.fastq.gz
    output: /DATA/projects/DSBrepair/data/xv20210827_E1889_PAR_mapping/mm10/mapping/control/SRR13764820.bam.tmp
    log: /DATA/projects/DSBrepair/data/xv20210827_E1889_PAR_mapping/mm10/log/mapping/control/SRR13764820.txt
    jobid: 25
    wildcards: outdir=/DATA/projects/DSBrepair/data/xv20210827_E1889_PAR_mapping, genome=mm10, srr_id=SRR13764820
    threads: 10

Removing temporary output file /DATA/projects/DSBrepair/data/xv20210827_E1889_PAR_mapping/raw_data/SRR13764822_prefetch.
Finished job 29.
5 of 33 steps (15%) done
Removing temporary output file /DATA/projects/DSBrepair/data/xv20210827_E1889_PAR_mapping/raw_data/SRR13764821_prefetch.
Finished job 30.
6 of 33 steps (18%) done
Shutting down, this might take some time.
Exiting because a job execution failed. Look above for error message
Complete log: /DATA/home/x.vergara/XV_P3_ChromDSBScreen/xv_CRISPR_screen_figures/import/.snakemake/log/2021-09-15T120846.128715.snakemake.log
