Building DAG of jobs...
Using shell: /home/x.vergara/miniconda3/envs/cutandtag/bin/bash
Provided cores: 20
Rules claiming more threads will be scaled down.
Job counts:
	count	jobs
	5	align_chip
	5	align_control
	1	all_chip_align
	5	bamcompare
	10	bw_coverage
	5	call_domains
	5	convert2gff
	5	filter_blackgrey
	5	filter_blackgrey_ctrl
	5	generate_greylist
	5	idxstats
	10	index
	5	make_compare_bw
	5	markdup
	5	markdup_ctrl
	81

[Tue Mar 29 19:03:28 2022]
rule align_chip:
    input: /DATA/projects/DSBrepair/data/xv20220329_HNSCC_H3K27me3_maps/raw_data/SRR11657368.fastq.gz
    output: /DATA/projects/DSBrepair/data/xv20220329_HNSCC_H3K27me3_maps/hg38/mapping/HNSCC/Farhangdoost2021/SCC4_GSE149670_r1_SRR11657368.bam.tmp
    log: /DATA/projects/DSBrepair/data/xv20220329_HNSCC_H3K27me3_maps/hg38/log/mapping/HNSCC/Farhangdoost2021/SCC4_GSE149670_r1_SRR11657368.bam.tmp
    jobid: 78
    wildcards: outdir=/DATA/projects/DSBrepair/data/xv20220329_HNSCC_H3K27me3_maps, genome=hg38, celltype=HNSCC, experiment=Farhangdoost2021, target=SCC4, sample=GSE149670, rep=r1, srr_id=SRR11657368
    threads: 10

[Tue Mar 29 19:03:28 2022]
rule align_chip:
    input: /DATA/projects/DSBrepair/data/xv20220329_HNSCC_H3K27me3_maps/raw_data/SRR11657373.fastq.gz
    output: /DATA/projects/DSBrepair/data/xv20220329_HNSCC_H3K27me3_maps/hg38/mapping/HNSCC/Farhangdoost2021/SKN3_GSE149670_r1_SRR11657373.bam.tmp
    log: /DATA/projects/DSBrepair/data/xv20220329_HNSCC_H3K27me3_maps/hg38/log/mapping/HNSCC/Farhangdoost2021/SKN3_GSE149670_r1_SRR11657373.bam.tmp
    jobid: 80
    wildcards: outdir=/DATA/projects/DSBrepair/data/xv20220329_HNSCC_H3K27me3_maps, genome=hg38, celltype=HNSCC, experiment=Farhangdoost2021, target=SKN3, sample=GSE149670, rep=r1, srr_id=SRR11657373
    threads: 10

Shutting down, this might take some time.
Exiting because a job execution failed. Look above for error message
Complete log: /DATA/home/x.vergara/XV_P3_ChromDSBScreen/xv_CRISPR_screen_figures/import/.snakemake/log/2022-03-29T190328.149946.snakemake.log
